<?xml version="1.0" encoding="UTF-8"?>
<TestRun id="50b3f5df-25ab-470d-b0d8-19f0d39356ff" name="Administrator@MTALT042 2011-08-18 14:19:02" runUser="MTALT042\Administrator" xmlns="http://microsoft.com/schemas/VisualStudio/TeamTest/2010">
  <TestSettings name="Local" id="adff75a4-7c2e-41eb-ace4-74f44b9933a8">
    <Description>These are default test settings for a local test run.</Description>
    <Deployment enabled="false" runDeploymentRoot="Administrator_MTALT042 2011-08-18 14_19_02">
      <DeploymentItem filename="D:\Prashant\Code\TestingSpecFlow\packages\SpecFlow.1.7.0\lib\net35\TechTalk.SpecFlow.dll" />
      <DeploymentItem filename="D:\Prashant\Code\TestingSpecFlow\packages\NUnit.2.5.10.11092\lib\pnunit.framework.dll" />
      <DeploymentItem filename="D:\Prashant\Code\TestingSpecFlow\packages\NUnit.2.5.10.11092\lib\nunit.framework.dll" />
      <DeploymentItem filename="D:\Prashant\Code\TestingSpecFlow\packages\NUnit.2.5.10.11092\lib\nunit.mocks.dll" />
    </Deployment>
    <Execution>
      <TestTypeSpecific />
      <AgentRule name="Execution Agents">
      </AgentRule>
    </Execution>
  </TestSettings>
  <Times creation="2011-08-18T14:19:02.6306554-04:00" queuing="2011-08-18T14:19:03.5357072-04:00" start="2011-08-18T14:19:03.7417190-04:00" finish="2011-08-18T14:19:16.1304275-04:00" />
  <ResultSummary outcome="Error">
    <Counters total="4" executed="2" passed="1" error="0" failed="0" timeout="0" aborted="1" inconclusive="0" passedButRunAborted="0" notRunnable="0" notExecuted="2" disconnected="0" warning="0" completed="0" inProgress="0" pending="0" />
    <RunInfos>
      <RunInfo computerName="MTALT042" outcome="Error" timestamp="2011-08-18T14:19:16.1284274-04:00">
        <Text>Test host process exited unexpectedly.</Text>
      </RunInfo>
    </RunInfos>
  </ResultSummary>
  <TestDefinitions>
    <UnitTest name="AddTwoNumbers" storage="d:\prashant\code\testingspecflow\testingspecflow\bin\debug\testingspecflow.dll" id="a1c1b963-130f-00a3-3544-6e38c450935b">
      <Description>Add two numbers</Description>
      <Execution id="3a53a61d-10bc-42ae-8cab-51ef25a72d58" />
      <Properties>
        <Property>
          <Key>FeatureTitle</Key>
          <Value>Addition</Value>
        </Property>
      </Properties>
      <TestMethod codeBase="D:/Prashant/Code/TestingSpecFlow/TestingSpecFlow/bin/Debug/TestingSpecFlow.DLL" adapterTypeName="Microsoft.VisualStudio.TestTools.TestTypes.Unit.UnitTestAdapter, Microsoft.VisualStudio.QualityTools.Tips.UnitTest.Adapter, Version=10.0.0.0, Culture=neutral, PublicKeyToken=b03f5f7f11d50a3a" className="TestingSpecFlow.AdditionFeature, TestingSpecFlow, Version=1.0.0.0, Culture=neutral, PublicKeyToken=null" name="AddTwoNumbers" />
    </UnitTest>
    <UnitTest name="AddTwoStrings1" storage="d:\prashant\code\testingspecflow\testingspecflow\bin\debug\testingspecflow.dll" id="e96c9b85-2aa5-b97d-aa78-ac1fe76603d1">
      <Description>Add Two strings1</Description>
      <Execution id="a91ae36b-00f7-4c68-8e68-940f4099b0d0" />
      <Properties>
        <Property>
          <Key>FeatureTitle</Key>
          <Value>Addition</Value>
        </Property>
      </Properties>
      <TestMethod codeBase="D:/Prashant/Code/TestingSpecFlow/TestingSpecFlow/bin/Debug/TestingSpecFlow.DLL" adapterTypeName="Microsoft.VisualStudio.TestTools.TestTypes.Unit.UnitTestAdapter, Microsoft.VisualStudio.QualityTools.Tips.UnitTest.Adapter, Version=10.0.0.0, Culture=neutral, PublicKeyToken=b03f5f7f11d50a3a" className="TestingSpecFlow.AdditionFeature, TestingSpecFlow, Version=1.0.0.0, Culture=neutral, PublicKeyToken=null" name="AddTwoStrings1" />
    </UnitTest>
    <UnitTest name="TestMethod1" storage="d:\prashant\code\testingspecflow\testingspecflow\bin\debug\testingspecflow.dll" id="f2a4f8d6-bc5f-4c12-a839-172bc25c2a5a">
      <Execution id="237826af-53bc-4e81-877f-b419040f5967" />
      <TestMethod codeBase="D:/Prashant/Code/TestingSpecFlow/TestingSpecFlow/bin/Debug/TestingSpecFlow.DLL" adapterTypeName="Microsoft.VisualStudio.TestTools.TestTypes.Unit.UnitTestAdapter, Microsoft.VisualStudio.QualityTools.Tips.UnitTest.Adapter, Version=10.0.0.0, Culture=neutral, PublicKeyToken=b03f5f7f11d50a3a" className="TestingSpecFlow.UnitTest1, TestingSpecFlow, Version=1.0.0.0, Culture=neutral, PublicKeyToken=null" name="TestMethod1" />
    </UnitTest>
    <UnitTest name="AddTwoStrings" storage="d:\prashant\code\testingspecflow\testingspecflow\bin\debug\testingspecflow.dll" id="21f4c6be-d174-c720-b71a-62728be093bb">
      <Description>Add Two strings</Description>
      <Execution id="93392876-b2e6-44b6-bf37-4ffb1515376d" />
      <Properties>
        <Property>
          <Key>FeatureTitle</Key>
          <Value>Addition</Value>
        </Property>
      </Properties>
      <TestMethod codeBase="D:/Prashant/Code/TestingSpecFlow/TestingSpecFlow/bin/Debug/TestingSpecFlow.DLL" adapterTypeName="Microsoft.VisualStudio.TestTools.TestTypes.Unit.UnitTestAdapter, Microsoft.VisualStudio.QualityTools.Tips.UnitTest.Adapter, Version=10.0.0.0, Culture=neutral, PublicKeyToken=b03f5f7f11d50a3a" className="TestingSpecFlow.AdditionFeature, TestingSpecFlow, Version=1.0.0.0, Culture=neutral, PublicKeyToken=null" name="AddTwoStrings" />
    </UnitTest>
  </TestDefinitions>
  <TestLists>
    <TestList name="Results Not in a List" id="8c84fa94-04c1-424b-9868-57a2d4851a1d" />
    <TestList name="All Loaded Results" id="19431567-8539-422a-85d7-44ee4e166bda" />
  </TestLists>
  <TestEntries>
    <TestEntry testId="21f4c6be-d174-c720-b71a-62728be093bb" executionId="93392876-b2e6-44b6-bf37-4ffb1515376d" testListId="8c84fa94-04c1-424b-9868-57a2d4851a1d" />
    <TestEntry testId="a1c1b963-130f-00a3-3544-6e38c450935b" executionId="3a53a61d-10bc-42ae-8cab-51ef25a72d58" testListId="8c84fa94-04c1-424b-9868-57a2d4851a1d" />
    <TestEntry testId="e96c9b85-2aa5-b97d-aa78-ac1fe76603d1" executionId="a91ae36b-00f7-4c68-8e68-940f4099b0d0" testListId="8c84fa94-04c1-424b-9868-57a2d4851a1d" />
    <TestEntry testId="f2a4f8d6-bc5f-4c12-a839-172bc25c2a5a" executionId="237826af-53bc-4e81-877f-b419040f5967" testListId="8c84fa94-04c1-424b-9868-57a2d4851a1d" />
  </TestEntries>
  <Results>
    <UnitTestResult executionId="93392876-b2e6-44b6-bf37-4ffb1515376d" testId="21f4c6be-d174-c720-b71a-62728be093bb" testName="AddTwoStrings" computerName="MTALT042" duration="00:00:06.8519269" startTime="2011-08-18T14:19:03.8857272-04:00" endTime="2011-08-18T14:19:12.1471997-04:00" testType="13cdc9d9-ddb5-4fa4-a97d-d965ccfc6d4b" outcome="Passed" testListId="8c84fa94-04c1-424b-9868-57a2d4851a1d" relativeResultsDirectory="93392876-b2e6-44b6-bf37-4ffb1515376d">
      <Output>
        <StdOut>Given I have entered 30 as first Value into computer
-&gt; done: BindingSteps.IHaveEnteredFirstIntoComputer(30) (0.8s)
And I have entered 70 as Second value into computer
-&gt; done: BindingSteps.IHaveEnteredSecondIntoComputer(70) (0.0s)
When I press add
-&gt; done: BindingSteps.IPressAdd() (1.5s)
Then the result should be 100 on the screen
-&gt; done: BindingSteps.ThenTheResultShouldBe(100) (1.1s)</StdOut>
      </Output>
    </UnitTestResult>
    <UnitTestResult executionId="3a53a61d-10bc-42ae-8cab-51ef25a72d58" testId="a1c1b963-130f-00a3-3544-6e38c450935b" testName="AddTwoNumbers" computerName="MTALT042" duration="00:00:03.9742273" startTime="2011-08-18T14:19:12.1552002-04:00" endTime="2011-08-18T14:19:16.1294275-04:00" testType="13cdc9d9-ddb5-4fa4-a97d-d965ccfc6d4b" outcome="Aborted" testListId="8c84fa94-04c1-424b-9868-57a2d4851a1d" relativeResultsDirectory="3a53a61d-10bc-42ae-8cab-51ef25a72d58">
    </UnitTestResult>
    <UnitTestResult executionId="a91ae36b-00f7-4c68-8e68-940f4099b0d0" testId="e96c9b85-2aa5-b97d-aa78-ac1fe76603d1" testName="AddTwoStrings1" computerName="MTALT042" testType="13cdc9d9-ddb5-4fa4-a97d-d965ccfc6d4b" outcome="NotExecuted" testListId="8c84fa94-04c1-424b-9868-57a2d4851a1d" relativeResultsDirectory="a91ae36b-00f7-4c68-8e68-940f4099b0d0">
    </UnitTestResult>
    <UnitTestResult executionId="237826af-53bc-4e81-877f-b419040f5967" testId="f2a4f8d6-bc5f-4c12-a839-172bc25c2a5a" testName="TestMethod1" computerName="MTALT042" testType="13cdc9d9-ddb5-4fa4-a97d-d965ccfc6d4b" outcome="NotExecuted" testListId="8c84fa94-04c1-424b-9868-57a2d4851a1d" relativeResultsDirectory="237826af-53bc-4e81-877f-b419040f5967">
    </UnitTestResult>
  </Results>
</TestRun>